{"name": "test_deletebooking_tc13", "status": "failed", "statusDetails": {"message": "AssertionError: Status code invalid...", "trace": "self = <tests.Integration_Test.test_CRUDToken.Testbooking object at 0x00000144FA67B810>\n\n    @pytest.mark.negative\n    def test_deletebooking_tc13(self):\n        id = Testbooking.test_createbooking_tc2(self)\n        fullurl = baseURL() + str(id)\n    \n        token = \"token=\" + Testbooking.test_tokencreate_tc1(self)\n        headers = {\n            \"Content-Type\": \"application/json\",\n            \"Cookie\": token\n    \n        }\n        res, data = delete_req(url=fullurl, auth=None, header=headers)\n>       statuscode(res.status_code, 400)\n\ntests\\Integration_Test\\test_CRUDToken.py:230: \n_ _ _ _ _ _ _ _ _ _ _ _ _ _ _ _ _ _ _ _ _ _ _ _ _ _ _ _ _ _ _ _ _ _ _ _ _ _ _ _\n\nexp = 201, act = 400\n\n    def statuscode(exp,act):\n>       assert exp==act, \"Status code invalid...\"\nE       AssertionError: Status code invalid...\n\nsrc\\helpers\\verify.py:3: AssertionError"}, "start": 1702797814211, "stop": 1702797824016, "uuid": "bbde4048-59b1-455e-b8b3-759f9837340e", "historyId": "800b82f88912ede35143bf836662659d", "testCaseId": "800b82f88912ede35143bf836662659d", "fullName": "tests.Integration_Test.test_CRUDToken.Testbooking#test_deletebooking_tc13", "labels": [{"name": "tag", "value": "negative"}, {"name": "parentSuite", "value": "tests.Integration_Test"}, {"name": "suite", "value": "test_CRUDToken"}, {"name": "subSuite", "value": "Testbooking"}, {"name": "host", "value": "Akshay"}, {"name": "thread", "value": "4484-MainThread"}, {"name": "framework", "value": "pytest"}, {"name": "language", "value": "cpython3"}, {"name": "package", "value": "tests.Integration_Test.test_CRUDToken"}]}