{"name": "test_tokencreate_tc8", "status": "failed", "statusDetails": {"message": "AssertionError: Status code invalid...", "trace": "self = <tests.Integration_Test.test_CRUDToken.Testbooking object at 0x0000020588699650>\n\n    @pytest.mark.negative\n    def test_tokencreate_tc8(self):\n        res, data = create_token(url=tokenURL(), auth=None, header=json_headers(), payload=create_token_payload())\n        token = data[\"token\"]\n>       statuscode(res.status_code, 400)\n\ntests\\Integration_Test\\test_CRUDToken.py:143: \n_ _ _ _ _ _ _ _ _ _ _ _ _ _ _ _ _ _ _ _ _ _ _ _ _ _ _ _ _ _ _ _ _ _ _ _ _ _ _ _\n\nexp = 200, act = 400\n\n    def statuscode(exp,act):\n>       assert exp==act, \"Status code invalid...\"\nE       AssertionError: Status code invalid...\n\nsrc\\helpers\\verify.py:3: AssertionError"}, "start": 1702797810298, "stop": 1702797814211, "uuid": "fe91aff8-2080-4cb4-b7c8-9dbc3bad83ce", "historyId": "15ed31377a011cac4a5a04bf7b936f1c", "testCaseId": "15ed31377a011cac4a5a04bf7b936f1c", "fullName": "tests.Integration_Test.test_CRUDToken.Testbooking#test_tokencreate_tc8", "labels": [{"name": "tag", "value": "negative"}, {"name": "parentSuite", "value": "tests.Integration_Test"}, {"name": "suite", "value": "test_CRUDToken"}, {"name": "subSuite", "value": "Testbooking"}, {"name": "host", "value": "Akshay"}, {"name": "thread", "value": "15080-MainThread"}, {"name": "framework", "value": "pytest"}, {"name": "language", "value": "cpython3"}, {"name": "package", "value": "tests.Integration_Test.test_CRUDToken"}]}