{"name": "test_update_kidding_tc11", "status": "failed", "statusDetails": {"message": "AssertionError: Status code invalid...", "trace": "self = <tests.Integration_Test.test_CRUDToken.Testbooking object at 0x000002065307A7D0>\n\n    @pytest.mark.negative\n    def test_update_kidding_tc11(self):\n        id = Testbooking.test_createbooking_tc2(self)\n        fullurl = baseURL() + str(id)\n        auth = (\"admin\", \"password123\")\n    \n        # token = \"token=\" + Testbooking.test_tokencreate_tc1(self)\n        headers = {\n            \"Content-Type\": \"application/json\"\n    \n        }\n    \n        res, data = put_req(url=fullurl, auth=auth, header=headers, payload=update_booking_payload())\n    \n>       statuscode(res.status_code, 400)\n\ntests\\Integration_Test\\test_CRUDToken.py:190: \n_ _ _ _ _ _ _ _ _ _ _ _ _ _ _ _ _ _ _ _ _ _ _ _ _ _ _ _ _ _ _ _ _ _ _ _ _ _ _ _\n\nexp = 200, act = 400\n\n    def statuscode(exp,act):\n>       assert exp==act, \"Status code invalid...\"\nE       AssertionError: Status code invalid...\n\nsrc\\helpers\\verify.py:3: AssertionError"}, "start": 1702797810311, "stop": 1702797818516, "uuid": "48a919f9-d8c8-4ae9-9951-0680d416373f", "historyId": "dd5942f76ec8f35f62db658da0c90d92", "testCaseId": "dd5942f76ec8f35f62db658da0c90d92", "fullName": "tests.Integration_Test.test_CRUDToken.Testbooking#test_update_kidding_tc11", "labels": [{"name": "tag", "value": "negative"}, {"name": "parentSuite", "value": "tests.Integration_Test"}, {"name": "suite", "value": "test_CRUDToken"}, {"name": "subSuite", "value": "Testbooking"}, {"name": "host", "value": "Akshay"}, {"name": "thread", "value": "25644-MainThread"}, {"name": "framework", "value": "pytest"}, {"name": "language", "value": "cpython3"}, {"name": "package", "value": "tests.Integration_Test.test_CRUDToken"}]}