{"name": "test_par_updatebooking_tc12", "status": "failed", "statusDetails": {"message": "AssertionError: Status code invalid...", "trace": "self = <tests.Integration_Test.test_CRUDToken.Testbooking object at 0x00000173D2D7B1D0>\n\n    @pytest.mark.negative\n    def test_par_updatebooking_tc12(self):\n        id = Testbooking.test_createbooking_tc2(self)\n        fullurl = baseURL() + str(id)\n    \n        token = \"token=\" + Testbooking.test_tokencreate_tc1(self)\n        headers = {\n            \"Content-Type\": \"application/json\",\n            \"Cookie\": token\n    \n        }\n        res, data = patch_req(url=fullurl, auth=None, header=headers, payload=par_update_booking_payload())\n>       statuscode(res.status_code, 400)\n\ntests\\Integration_Test\\test_CRUDToken.py:210: \n_ _ _ _ _ _ _ _ _ _ _ _ _ _ _ _ _ _ _ _ _ _ _ _ _ _ _ _ _ _ _ _ _ _ _ _ _ _ _ _\n\nexp = 200, act = 400\n\n    def statuscode(exp,act):\n>       assert exp==act, \"Status code invalid...\"\nE       AssertionError: Status code invalid...\n\nsrc\\helpers\\verify.py:3: AssertionError"}, "start": 1702797810282, "stop": 1702797821758, "uuid": "80a58b12-ee2a-4662-93f7-c6bff3636fce", "historyId": "daa40f4a6b7545b57e9cb9a199260708", "testCaseId": "daa40f4a6b7545b57e9cb9a199260708", "fullName": "tests.Integration_Test.test_CRUDToken.Testbooking#test_par_updatebooking_tc12", "labels": [{"name": "tag", "value": "negative"}, {"name": "parentSuite", "value": "tests.Integration_Test"}, {"name": "suite", "value": "test_CRUDToken"}, {"name": "subSuite", "value": "Testbooking"}, {"name": "host", "value": "Akshay"}, {"name": "thread", "value": "26236-MainThread"}, {"name": "framework", "value": "pytest"}, {"name": "language", "value": "cpython3"}, {"name": "package", "value": "tests.Integration_Test.test_CRUDToken"}]}