{"name": "test_createbooking_tc9", "status": "failed", "statusDetails": {"message": "AssertionError: Status code invalid...", "trace": "self = <tests.Integration_Test.test_CRUDToken.Testbooking object at 0x000002602B37A250>\n\n    @pytest.mark.negative\n    def test_createbooking_tc9(self):\n        res, data = post_req(url=baseURL(), auth=None, header=json_headers(), payload=create_booking_payload())\n>       statuscode(res.status_code, 400)\n\ntests\\Integration_Test\\test_CRUDToken.py:153: \n_ _ _ _ _ _ _ _ _ _ _ _ _ _ _ _ _ _ _ _ _ _ _ _ _ _ _ _ _ _ _ _ _ _ _ _ _ _ _ _\n\nexp = 200, act = 400\n\n    def statuscode(exp,act):\n>       assert exp==act, \"Status code invalid...\"\nE       AssertionError: Status code invalid...\n\nsrc\\helpers\\verify.py:3: AssertionError"}, "start": 1702797810316, "stop": 1702797814185, "uuid": "f69c768c-6ee7-49ee-86e1-c6a4c04cdf0c", "historyId": "d9fa7643766c0a2b292cc12748295881", "testCaseId": "d9fa7643766c0a2b292cc12748295881", "fullName": "tests.Integration_Test.test_CRUDToken.Testbooking#test_createbooking_tc9", "labels": [{"name": "tag", "value": "negative"}, {"name": "parentSuite", "value": "tests.Integration_Test"}, {"name": "suite", "value": "test_CRUDToken"}, {"name": "subSuite", "value": "Testbooking"}, {"name": "host", "value": "Akshay"}, {"name": "thread", "value": "1356-MainThread"}, {"name": "framework", "value": "pytest"}, {"name": "language", "value": "cpython3"}, {"name": "package", "value": "tests.Integration_Test.test_CRUDToken"}]}